<?xml version="1.0" encoding="UTF-8"?>
<testng-results ignored="0" total="1" passed="1" failed="0" skipped="0">
  <reporter-output>
  </reporter-output>
  <suite started-at="2024-07-04T14:48:27 IST" name="Suite" finished-at="2024-07-04T14:48:35 IST" duration-ms="7698">
    <groups>
    </groups>
    <test started-at="2024-07-04T14:48:27 IST" name="Test-0" finished-at="2024-07-04T14:48:35 IST" duration-ms="7698">
      <class name="com.automation.MobileTestAutomation.tests.AddToCartTest">
        <test-method signature="testTrigger()[pri:0, instance:com.automation.MobileTestAutomation.tests.AddToCartTest@173511ff]" started-at="2024-07-04T14:48:27 IST" name="testTrigger" finished-at="2024-07-04T14:48:35 IST" duration-ms="7594" status="PASS">
          <reporter-output>
          </reporter-output>
        </test-method> <!-- testTrigger -->
      </class> <!-- com.automation.MobileTestAutomation.tests.AddToCartTest -->
    </test> <!-- Test-0 -->
  </suite> <!-- Suite -->
</testng-results>
